<?xml version="1.0" encoding="UTF-8"?>
<testsuite xmlns:xsi="http://www.w3.org/2001/XMLSchema-instance" xsi:noNamespaceSchemaLocation="https://maven.apache.org/surefire/maven-surefire-plugin/xsd/surefire-test-report-3.0.xsd" version="3.0" name="com.spring.SpringBootJdbcApplicationTests" time="4.519" tests="1" errors="0" skipped="0" failures="0">
  <properties>
[...]
</properties>
  <testcase name="contextLoads" classname="com.spring.SpringBootJdbcApplicationTests" time="1.283">
    <system-out><![CDATA[16:05:36.326 [main] INFO org.springframework.test.context.support.AnnotationConfigContextLoaderUtils -- Could not detect default configuration classes for test class [com.spring.SpringBootJdbcApplicationTests]: SpringBootJdbcApplicationTests does not declare any static, non-private, non-final, nested classes annotated with @Configuration.
16:05:36.485 [main] INFO org.springframework.boot.test.context.SpringBootTestContextBootstrapper -- Found @SpringBootConfiguration com.spring.SpringBootJdbcApplication for test class com.spring.SpringBootJdbcApplicationTests

  .   ____          _            __ _ _
 /\\ / ___'_ __ _ _(_)_ __  __ _ \ \ \ \
( ( )\___ | '_ | '_| | '_ \/ _` | \ \ \ \
 \\/  ___)| |_)| | | | | || (_| |  ) ) ) )
  '  |____| .__|_| |_|_| |_\__, | / / / /
 =========|_|==============|___/=/_/_/_/
 :: Spring Boot ::                (v3.2.4)

2024-04-04T16:05:36.982+05:30  INFO 13204 --- [           main] c.spring.SpringBootJdbcApplicationTests  : Starting SpringBootJdbcApplicationTests using Java 21.0.2 with PID 13204 (started by admin in D:\SpringBoot-Workspace-new\Spring-boot-JDBC\spring-boot-JDBC)
2024-04-04T16:05:36.983+05:30  INFO 13204 --- [           main] c.spring.SpringBootJdbcApplicationTests  : No active profile set, falling back to 1 default profile: "default"
2024-04-04T16:05:39.309+05:30  INFO 13204 --- [           main] c.spring.SpringBootJdbcApplicationTests  : Started SpringBootJdbcApplicationTests in 2.608 seconds (process running for 4.001)
]]></system-out>
    <system-err><![CDATA[Loading class `com.mysql.jdbc.Driver'. This is deprecated. The new driver class is `com.mysql.cj.jdbc.Driver'. The driver is automatically registered via the SPI and manual loading of the driver class is generally unnecessary.
WARNING: A Java agent has been loaded dynamically (C:\Users\admin\.m2\repository\net\bytebuddy\byte-buddy-agent\1.14.12\byte-buddy-agent-1.14.12.jar)
WARNING: If a serviceability tool is in use, please run with -XX:+EnableDynamicAgentLoading to hide this warning
WARNING: If a serviceability tool is not in use, please run with -Djdk.instrument.traceUsage for more information
WARNING: Dynamic loading of agents will be disallowed by default in a future release
]]></system-err>
  </testcase>
</testsuite>